<?xml version="1.0" encoding="UTF-8"?>
<!-- Generated by org.testng.reporters.JUnitReportReporter -->
<testsuite hostname="LAPTOP-9HTEE13B" name="sampleTest.MavenTest" tests="1" failures="0" timestamp="24 Jan 2022 15:44:20 GMT" time="7.253" errors="0">
  <testcase name="testMavenWithSelenium" time="7.253" classname="sampleTest.MavenTest"/>
</testsuite> <!-- sampleTest.MavenTest -->
