<?xml version="1.0" encoding="UTF-8"?>
<!-- Generated by org.testng.reporters.JUnitReportReporter -->
<testsuite hostname="LAPTOP-9HTEE13B" name="sampleTest.TestCode" tests="1" failures="0" timestamp="24 Jan 2022 08:29:13 GMT" time="7.939" errors="0">
  <testcase name="openBroserAndLogin" time="7.939" classname="sampleTest.TestCode"/>
</testsuite> <!-- sampleTest.TestCode -->
